<?xml version="1.0" encoding="UTF-8"?>
<testng-results skipped="0" failed="0" ignored="0" total="1" passed="1">
  <reporter-output>
  </reporter-output>
  <suite name="Suite" duration-ms="8131" started-at="2020-12-31T13:30:54 EST" finished-at="2020-12-31T13:31:02 EST">
    <groups>
    </groups>
    <test name="Test" duration-ms="8131" started-at="2020-12-31T13:30:54 EST" finished-at="2020-12-31T13:31:02 EST">
      <class name="Selpackage.Selclass">
        <test-method status="PASS" signature="verifyTest()[pri:0, instance:Selpackage.Selclass@7b49cea0]" name="verifyTest" duration-ms="8028" started-at="2020-12-31T13:30:54 EST" finished-at="2020-12-31T13:31:02 EST">
          <reporter-output>
          </reporter-output>
        </test-method> <!-- verifyTest -->
      </class> <!-- Selpackage.Selclass -->
    </test> <!-- Test -->
  </suite> <!-- Suite -->
</testng-results>
